<?xml version="1.0" encoding="UTF-8"?>
<!-- Generated by org.testng.reporters.JUnitReportReporter -->
<testsuite skipped="0" hostname="Mohammeds-MacBook-Pro.local" name="test.CreateEvent" tests="8" failures="0" timestamp="2020-12-15T15:50:29 EET" time="78.011" errors="0">
  <testcase name="login" time="0.649" classname="test.CreateEvent"/>
  <system-out/>
  <testcase name="login" time="0.670" classname="test.CreateEvent"/>
  <system-out/>
  <testcase name="selectKidsPlaceCalender" time="8.304" classname="test.CreateEvent"/>
  <system-out/>
  <testcase name="selectKidsPlaceCalender" time="10.126" classname="test.CreateEvent"/>
  <system-out/>
  <testcase name="createEvent" time="12.319" classname="test.CreateEvent"/>
  <system-out/>
  <testcase name="createEvent" time="11.836" classname="test.CreateEvent"/>
  <system-out/>
  <testcase name="checkSuccessfullNotification" time="17.056" classname="test.CreateEvent"/>
  <system-out/>
  <testcase name="checkSuccessfullNotification" time="17.051" classname="test.CreateEvent"/>
  <system-out/>
</testsuite> <!-- test.CreateEvent -->
